<?xml version="1.0" encoding="UTF-8"?>
<testng-results ignored="0" total="1" passed="1" failed="0" skipped="0">
  <reporter-output>
  </reporter-output>
  <suite started-at="2026-04-18T14:34:28 IST" name="Default suite" finished-at="2026-04-18T14:34:49 IST" duration-ms="20441">
    <groups>
    </groups>
    <test started-at="2026-04-18T14:34:28 IST" name="Default test" finished-at="2026-04-18T14:34:49 IST" duration-ms="20441">
      <class name="testCases.RegistraionPage">
        <test-method is-config="true" signature="setup()[pri:0, instance:testCases.RegistraionPage@544fa968]" started-at="2026-04-18T14:34:29 IST" name="setup" finished-at="2026-04-18T14:34:41 IST" duration-ms="12621" status="PASS">
          <reporter-output>
          </reporter-output>
        </test-method> <!-- setup -->
        <test-method signature="registraionwithmandatoryField()[pri:0, instance:testCases.RegistraionPage@544fa968]" started-at="2026-04-18T14:34:41 IST" name="registraionwithmandatoryField" finished-at="2026-04-18T14:34:49 IST" duration-ms="7655" status="PASS">
          <reporter-output>
          </reporter-output>
        </test-method> <!-- registraionwithmandatoryField -->
      </class> <!-- testCases.RegistraionPage -->
    </test> <!-- Default test -->
  </suite> <!-- Default suite -->
</testng-results>
