<?xml version="1.0" encoding="UTF-8"?>
<testng-results ignored="0" total="1" passed="1" failed="0" skipped="0">
  <reporter-output>
  </reporter-output>
  <suite started-at="2026-04-19T11:07:25 IST" name="Default suite" finished-at="2026-04-19T11:07:41 IST" duration-ms="16033">
    <groups>
    </groups>
    <test started-at="2026-04-19T11:07:25 IST" name="Default test" finished-at="2026-04-19T11:07:41 IST" duration-ms="16033">
      <class name="testCases.Tc_002">
        <test-method is-config="true" signature="setup()[pri:0, instance:testCases.Tc_002@544fa968]" started-at="2026-04-19T11:07:25 IST" name="setup" finished-at="2026-04-19T11:07:37 IST" duration-ms="11819" status="PASS">
          <reporter-output>
          </reporter-output>
        </test-method> <!-- setup -->
        <test-method signature="testwithoutinput()[pri:0, instance:testCases.Tc_002@544fa968]" started-at="2026-04-19T11:07:37 IST" name="testwithoutinput" finished-at="2026-04-19T11:07:41 IST" duration-ms="4037" status="PASS">
          <reporter-output>
          </reporter-output>
        </test-method> <!-- testwithoutinput -->
      </class> <!-- testCases.Tc_002 -->
    </test> <!-- Default test -->
  </suite> <!-- Default suite -->
</testng-results>
